<?xml version="1.0" encoding="UTF-8"?>
<!-- Generated by org.testng.reporters.JUnitXMLReporter -->
<testsuite ignored="0" hostname="DESKTOP-LANAVE" failures="0" tests="7" name="Modificacion PIN Cliente" time="8.542" errors="0" timestamp="2024-04-26T15:30:45 CLT">
  <testcase classname="valuesite.tests.ModificacionPinTestCliente" name="@BeforeClass ingresaMantenedor" time="1.593">
    <failure type="org.openqa.selenium.ElementNotInteractableException" message="element not interactable
  (Session info: chrome=124.0.6367.91)
Build info: version: &amp;apos;4.19.1&amp;apos;, revision: &amp;apos;abe0ee07dc&amp;apos;
System info: os.name: &amp;apos;Windows 10&amp;apos;, os.arch: &amp;apos;amd64&amp;apos;, os.version: &amp;apos;10.0&amp;apos;, java.version: &amp;apos;21&amp;apos;
Driver info: org.openqa.selenium.chrome.ChromeDriver
Command: [a5cd69cf5778f5bdb7028b97e40634cf, sendKeysToElement {id=f.53846E231A81CEB06A9D560DBFE96F6F.d.F157525C4B9E92B6F2CE21E27279E6D8.e.4, value=[Ljava.lang.CharSequence;@4579e5fe}]
Capabilities {acceptInsecureCerts: false, browserName: chrome, browserVersion: 124.0.6367.91, chrome: {chromedriverVersion: 124.0.6367.91 (51df0e5e17a8..., userDataDir: C:\Users\Felip\AppData\Loca...}, fedcm:accounts: true, goog:chromeOptions: {debuggerAddress: localhost:60925}, networkConnectionEnabled: false, pageLoadStrategy: normal, platformName: windows, proxy: Proxy(), se:cdp: ws://localhost:60925/devtoo..., se:cdpVersion: 124.0.6367.91, setWindowRect: true, strictFileInteractability: false, timeouts: {implicit: 0, pageLoad: 300000, script: 30000}, unhandledPromptBehavior: dismiss and notify, webauthn:extension:credBlob: true, webauthn:extension:largeBlob: true, webauthn:extension:minPinLength: true, webauthn:extension:prf: true, webauthn:virtualAuthenticators: true}
Element: [[ChromeDriver: chrome on windows (a5cd69cf5778f5bdb7028b97e40634cf)] -&amp;gt; id: txtContraseña]
Session ID: a5cd69cf5778f5bdb7028b97e40634cf">
      <![CDATA[org.openqa.selenium.ElementNotInteractableException: element not interactable
  (Session info: chrome=124.0.6367.91)
Build info: version: '4.19.1', revision: 'abe0ee07dc'
System info: os.name: 'Windows 10', os.arch: 'amd64', os.version: '10.0', java.version: '21'
Driver info: org.openqa.selenium.chrome.ChromeDriver
Command: [a5cd69cf5778f5bdb7028b97e40634cf, sendKeysToElement {id=f.53846E231A81CEB06A9D560DBFE96F6F.d.F157525C4B9E92B6F2CE21E27279E6D8.e.4, value=[Ljava.lang.CharSequence;@4579e5fe}]
Capabilities {acceptInsecureCerts: false, browserName: chrome, browserVersion: 124.0.6367.91, chrome: {chromedriverVersion: 124.0.6367.91 (51df0e5e17a8..., userDataDir: C:\Users\Felip\AppData\Loca...}, fedcm:accounts: true, goog:chromeOptions: {debuggerAddress: localhost:60925}, networkConnectionEnabled: false, pageLoadStrategy: normal, platformName: windows, proxy: Proxy(), se:cdp: ws://localhost:60925/devtoo..., se:cdpVersion: 124.0.6367.91, setWindowRect: true, strictFileInteractability: false, timeouts: {implicit: 0, pageLoad: 300000, script: 30000}, unhandledPromptBehavior: dismiss and notify, webauthn:extension:credBlob: true, webauthn:extension:largeBlob: true, webauthn:extension:minPinLength: true, webauthn:extension:prf: true, webauthn:virtualAuthenticators: true}
Element: [[ChromeDriver: chrome on windows (a5cd69cf5778f5bdb7028b97e40634cf)] -> id: txtContraseña]
Session ID: a5cd69cf5778f5bdb7028b97e40634cf
at org.openqa.selenium.remote.ErrorCodec.decode(ErrorCodec.java:167)
at org.openqa.selenium.remote.codec.w3c.W3CHttpResponseCodec.decode(W3CHttpResponseCodec.java:138)
at org.openqa.selenium.remote.codec.w3c.W3CHttpResponseCodec.decode(W3CHttpResponseCodec.java:50)
at org.openqa.selenium.remote.HttpCommandExecutor.execute(HttpCommandExecutor.java:190)
at org.openqa.selenium.remote.service.DriverCommandExecutor.invokeExecute(DriverCommandExecutor.java:216)
at org.openqa.selenium.remote.service.DriverCommandExecutor.execute(DriverCommandExecutor.java:174)
at org.openqa.selenium.remote.RemoteWebDriver.execute(RemoteWebDriver.java:518)
at org.openqa.selenium.remote.RemoteWebElement.execute(RemoteWebElement.java:223)
at org.openqa.selenium.remote.RemoteWebElement.sendKeys(RemoteWebElement.java:110)
at org.openqa.selenium.support.pagefactory.internal.LocatingElementHandler.invoke(LocatingElementHandler.java:51)
at jdk.proxy2/jdk.proxy2.$Proxy15.sendKeys(Unknown Source)
at valuesite.pageobjects.Login.iniciarSesion(Login.java:44)
at valuesite.tests.ModificacionPinTestCliente.ingresaMantenedor(ModificacionPinTestCliente.java:49)
at java.base/java.util.ArrayList.forEach(ArrayList.java:1596)
at java.base/java.util.concurrent.FutureTask.run(FutureTask.java:317)
at java.base/java.util.concurrent.ThreadPoolExecutor.runWorker(ThreadPoolExecutor.java:1144)
at java.base/java.util.concurrent.ThreadPoolExecutor$Worker.run(ThreadPoolExecutor.java:642)
at java.base/java.lang.Thread.run(Thread.java:1583)
... Removed 19 stack frames]]>
    </failure>
  </testcase> <!-- @BeforeClass ingresaMantenedor -->
  <testcase classname="valuesite.testcomponents.BaseTest" name="@AfterTest Finalizar" time="-1.714159845867E9">
    <skipped/>
  </testcase> <!-- @AfterTest Finalizar -->
  <testcase classname="valuesite.tests.ModificacionPinTestCliente" name="vaciaCampo" time="0.0">
    <skipped/>
  </testcase> <!-- vaciaCampo -->
  <testcase classname="valuesite.tests.ModificacionPinTestCliente" name="ingresarPin" time="0.0">
    <skipped/>
  </testcase> <!-- ingresarPin -->
  <testcase classname="valuesite.tests.ModificacionPinTestCliente" name="actualizaPin" time="0.0">
    <skipped/>
  </testcase> <!-- actualizaPin -->
  <testcase classname="valuesite.tests.ModificacionPinTestCliente" name="actualizaSinDatos" time="0.0">
    <skipped/>
  </testcase> <!-- actualizaSinDatos -->
  <testcase classname="valuesite.tests.ModificacionPinTestCliente" name="actualizaConCaracteresEspeciales" time="0.0">
    <skipped/>
  </testcase> <!-- actualizaConCaracteresEspeciales -->
  <testcase classname="valuesite.tests.ModificacionPinTestCliente" name="limpiaCampo" time="0.0">
    <skipped/>
  </testcase> <!-- limpiaCampo -->
  <testcase classname="valuesite.tests.ModificacionPinTestCliente" name="ingresaCaracteresEspeciales" time="0.0">
    <skipped/>
  </testcase> <!-- ingresaCaracteresEspeciales -->
</testsuite> <!-- Modificacion PIN Cliente -->
