<?xml version="1.0" encoding="UTF-8"?>
<!-- Generated by org.testng.reporters.JUnitXMLReporter -->
<testsuite ignored="0" hostname="LaNave" failures="1" tests="10" name="Sucursales RT" time="67.255" errors="0" timestamp="2024-06-07T16:45:21 EDT">
  <testcase classname="valuesite.tests.SucursalTestRT" name="limpiaCampoNombre" time="0.205"/>
  <testcase classname="valuesite.tests.SucursalTestRT" name="limpiaSelectCiudad" time="0.202"/>
  <testcase classname="valuesite.tests.SucursalTestRT" name="limpiaCampoDireccion" time="3.484"/>
  <testcase classname="valuesite.tests.SucursalTestRT" name="nombreObligatorio" time="3.083">
    <failure type="org.openqa.selenium.NoSuchElementException" message="no such element: Unable to locate element: {&amp;quot;method&amp;quot;:&amp;quot;xpath&amp;quot;,&amp;quot;selector&amp;quot;:&amp;quot;//div[@class=&amp;apos;btn-group bootstrap-select show-tick all-width open&amp;apos;]//div[@role=&amp;apos;combobox&amp;apos;]/ul/li[1]&amp;quot;}
  (Session info: MicrosoftEdge=125.0.2535.85)
For documentation on this error, please visit: https://www.selenium.dev/documentation/webdriver/troubleshooting/errors#no-such-element-exception
Build info: version: &amp;apos;4.19.1&amp;apos;, revision: &amp;apos;abe0ee07dc&amp;apos;
System info: os.name: &amp;apos;Windows 11&amp;apos;, os.arch: &amp;apos;amd64&amp;apos;, os.version: &amp;apos;10.0&amp;apos;, java.version: &amp;apos;17.0.11&amp;apos;
Driver info: org.openqa.selenium.edge.EdgeDriver
Command: [b38662af0be22877d79b7083cb27ff1d, findElement {value=//div[@class=&amp;apos;btn-group bootstrap-select show-tick all-width open&amp;apos;]//div[@role=&amp;apos;combobox&amp;apos;]/ul/li[1], using=xpath}]
Capabilities {acceptInsecureCerts: false, browserName: MicrosoftEdge, browserVersion: 125.0.2535.85, fedcm:accounts: true, ms:edgeOptions: {debuggerAddress: localhost:58247}, msedge: {msedgedriverVersion: 125.0.2535.92 (d2d4746171db..., userDataDir: C:\Users\Felip\AppData\Loca...}, networkConnectionEnabled: false, pageLoadStrategy: normal, platformName: windows, proxy: Proxy(), se:cdp: ws://localhost:58247/devtoo..., se:cdpVersion: 125.0.2535.85, setWindowRect: true, strictFileInteractability: false, timeouts: {implicit: 0, pageLoad: 300000, script: 30000}, unhandledPromptBehavior: dismiss and notify, webauthn:extension:credBlob: true, webauthn:extension:largeBlob: true, webauthn:extension:minPinLength: true, webauthn:extension:prf: true, webauthn:virtualAuthenticators: true}
Session ID: b38662af0be22877d79b7083cb27ff1d">
      <![CDATA[org.openqa.selenium.NoSuchElementException: no such element: Unable to locate element: {"method":"xpath","selector":"//div[@class='btn-group bootstrap-select show-tick all-width open']//div[@role='combobox']/ul/li[1]"}
  (Session info: MicrosoftEdge=125.0.2535.85)
For documentation on this error, please visit: https://www.selenium.dev/documentation/webdriver/troubleshooting/errors#no-such-element-exception
Build info: version: '4.19.1', revision: 'abe0ee07dc'
System info: os.name: 'Windows 11', os.arch: 'amd64', os.version: '10.0', java.version: '17.0.11'
Driver info: org.openqa.selenium.edge.EdgeDriver
Command: [b38662af0be22877d79b7083cb27ff1d, findElement {value=//div[@class='btn-group bootstrap-select show-tick all-width open']//div[@role='combobox']/ul/li[1], using=xpath}]
Capabilities {acceptInsecureCerts: false, browserName: MicrosoftEdge, browserVersion: 125.0.2535.85, fedcm:accounts: true, ms:edgeOptions: {debuggerAddress: localhost:58247}, msedge: {msedgedriverVersion: 125.0.2535.92 (d2d4746171db..., userDataDir: C:\Users\Felip\AppData\Loca...}, networkConnectionEnabled: false, pageLoadStrategy: normal, platformName: windows, proxy: Proxy(), se:cdp: ws://localhost:58247/devtoo..., se:cdpVersion: 125.0.2535.85, setWindowRect: true, strictFileInteractability: false, timeouts: {implicit: 0, pageLoad: 300000, script: 30000}, unhandledPromptBehavior: dismiss and notify, webauthn:extension:credBlob: true, webauthn:extension:largeBlob: true, webauthn:extension:minPinLength: true, webauthn:extension:prf: true, webauthn:virtualAuthenticators: true}
Session ID: b38662af0be22877d79b7083cb27ff1d
at org.openqa.selenium.remote.ErrorCodec.decode(ErrorCodec.java:167)
at org.openqa.selenium.remote.codec.w3c.W3CHttpResponseCodec.decode(W3CHttpResponseCodec.java:138)
at org.openqa.selenium.remote.codec.w3c.W3CHttpResponseCodec.decode(W3CHttpResponseCodec.java:50)
at org.openqa.selenium.remote.HttpCommandExecutor.execute(HttpCommandExecutor.java:190)
at org.openqa.selenium.remote.service.DriverCommandExecutor.invokeExecute(DriverCommandExecutor.java:216)
at org.openqa.selenium.remote.service.DriverCommandExecutor.execute(DriverCommandExecutor.java:174)
at org.openqa.selenium.remote.RemoteWebDriver.execute(RemoteWebDriver.java:518)
at org.openqa.selenium.remote.ElementLocation$ElementFinder$2.findElement(ElementLocation.java:165)
at org.openqa.selenium.remote.ElementLocation.findElement(ElementLocation.java:59)
at org.openqa.selenium.remote.RemoteWebDriver.findElement(RemoteWebDriver.java:355)
at org.openqa.selenium.remote.RemoteWebDriver.findElement(RemoteWebDriver.java:349)
at valuesite.pageobjects.SucursalRT.seleccionaCiudad(SucursalRT.java:246)
at valuesite.tests.SucursalTestRT.nombreObligatorio(SucursalTestRT.java:107)
at java.base/java.util.ArrayList.forEach(ArrayList.java:1511)
... Removed 31 stack frames]]>
    </failure>
  </testcase> <!-- nombreObligatorio -->
  <testcase classname="valuesite.tests.SucursalTestRT" name="ciudadObligatorio" time="2.008"/>
  <testcase classname="valuesite.tests.SucursalTestRT" name="direccionObligatorio" time="1.168"/>
  <testcase classname="valuesite.tests.SucursalTestRT" name="creaSucursal" time="14.371"/>
  <testcase classname="valuesite.tests.SucursalTestRT" name="visibilidadConvenio" time="12.588"/>
  <testcase classname="valuesite.tests.SucursalTestRT" name="modificarSucursal" time="13.836"/>
  <testcase classname="valuesite.tests.SucursalTestRT" name="filtroNombre" time="0.56"/>
</testsuite> <!-- Sucursales RT -->
